0 info it worked if it ends with ok
1 verbose cli [ 'node',
1 verbose cli   '/Users/rafaelyepesgarcia/.npm-packages/bin/npm',
1 verbose cli   'publish',
1 verbose cli   './' ]
2 info using npm@2.9.1
3 info using node@v0.12.2
4 verbose node symlink /usr/local/bin/node
5 verbose publish [ './' ]
6 silly cache add args [ './', null ]
7 verbose cache add spec ./
8 silly cache add parsed spec { raw: './',
8 silly cache add   scope: null,
8 silly cache add   name: null,
8 silly cache add   rawSpec: './',
8 silly cache add   spec: '/Users/rafaelyepesgarcia/MyProjects/blanket-badoo',
8 silly cache add   type: 'directory' }
9 verbose addLocalDirectory /Users/rafaelyepesgarcia/.npm/blanket/1.2.0/package.tgz not in flight; packing
10 verbose tar pack [ '/Users/rafaelyepesgarcia/.npm/blanket/1.2.0/package.tgz',
10 verbose tar pack   '/Users/rafaelyepesgarcia/MyProjects/blanket-badoo' ]
11 verbose tarball /Users/rafaelyepesgarcia/.npm/blanket/1.2.0/package.tgz
12 verbose folder /Users/rafaelyepesgarcia/MyProjects/blanket-badoo
13 info prepublish blanket@1.2.0
14 verbose addLocalTarball adding from inside cache /Users/rafaelyepesgarcia/.npm/blanket/1.2.0/package.tgz
15 silly cache afterAdd blanket@1.2.0
16 verbose afterAdd /Users/rafaelyepesgarcia/.npm/blanket/1.2.0/package/package.json not in flight; writing
17 verbose afterAdd /Users/rafaelyepesgarcia/.npm/blanket/1.2.0/package/package.json written
18 silly publish { name: 'blanket',
18 silly publish   description: 'seamless js code coverage',
18 silly publish   version: '1.2.0',
18 silly publish   homepage: 'https://github.com/alex-seville/blanket',
18 silly publish   author:
18 silly publish    { name: 'Alex-Seville',
18 silly publish      email: 'hi@alexanderseville.com',
18 silly publish      url: 'http://blanketjs.org' },
18 silly publish   repository:
18 silly publish    { type: 'git',
18 silly publish      url: 'git://github.com/alex-seville/blanket.git' },
18 silly publish   bugs: { url: 'https://github.com/alex-seville/blanket/issues' },
18 silly publish   license: 'MIT',
18 silly publish   main: 'src/index.js',
18 silly publish   engines: { node: '>=0.10.7' },
18 silly publish   dependencies: { esprima: '^2.7.0', falafel: '~0.3.1', xtend: '~4.0.0' },
18 silly publish   devDependencies:
18 silly publish    { async: '~1.4.0',
18 silly publish      'coffee-react': '^4.0.0',
18 silly publish      'coffee-script': '~1.9.3',
18 silly publish      grunt: '~0.4.5',
18 silly publish      'grunt-cli': '^0.1.13',
18 silly publish      'grunt-contrib-clean': '~0.6.0',
18 silly publish      'grunt-contrib-concat': '~0.5.1',
18 silly publish      'grunt-contrib-jshint': '~0.11.2',
18 silly publish      'grunt-contrib-uglify': '~0.9.1',
18 silly publish      'load-grunt-tasks': '~3.2.0',
18 silly publish      mocha: '~2.2.5',
18 silly publish      phantomjs: '1.9.17',
18 silly publish      requirejs: '~2.1.19',
18 silly publish      react: '^0.13.3',
18 silly publish      'travis-cov': '*',
18 silly publish      'uglify-save-license': '~0.4.1' },
18 silly publish   scripts: { build: 'grunt build', test: 'grunt --verbose blanketTest' },
18 silly publish   config:
18 silly publish    { blanket:
18 silly publish       { pattern: 'test',
18 silly publish         'data-cover-flags': [Object],
18 silly publish         loader: './node-loaders/coffee-script',
18 silly publish         'data-cover-reporter-options': [Object] },
18 silly publish      'travis-cov': { threshold: 70, removeKey: 'branchFcn' } },
18 silly publish   keywords: [ 'coverage' ],
18 silly publish   readme: '# Blanket.js\n\nA seamless JavaScript code coverage library.\n\n[Project home page](http://blanketjs.org/)  \n[Blanket_js on Twitter](http://www.twitter.com/blanket_js) for updates and news.\n\n**NOTE: All Pull-Requests must be made into the `master` branch.**\n\n\n[![Build Status](https://travis-ci.org/alex-seville/blanket.svg)](https://travis-ci.org/alex-seville/blanket)\n[![Dependency Status](https://david-dm.org/alex-seville/blanket.svg)](https://david-dm.org/alex-seville/blanket)\n[![devDependency Status](https://david-dm.org/alex-seville/blanket/dev-status.svg)](https://david-dm.org/alex-seville/blanket#info=devDependencies)\n\n* [Getting Started](#getting-started)\n* [Philosophy](#philosophy)\n* [Mechanism](#mechanism)\n* [Grunt Integration](#grunt-integration)\n* [Compatibility & Features List](#compatibility-and-features-list)\n* [Roll Your Own](#roll-your-own)\n* [Development](#development)\n* [Contact](#contact)\n* [Contributors](#contributors)  \n* [Roadmap](#roadmap)\n* [Revision History](#revision-history)\n\n**NOTE:** Blanket.js will throw XHR cross domain errors if run with the file:// protocol.  See [Special Features Guide](docs/special_features.md) for more details and workarounds.\n\n\n## Getting Started\n\nPlease see the following guides for using Blanket.js:\n\n**Browser**\n* [Getting Started](docs/getting_started_browser.md) (Basic QUnit usage)\n* [Intermediate](docs/intermediate_browser.md) (Other test runners, global options)\n* [Advanced](docs/advanced_browser.md) (writing your own reporters/adapters)\n* [Special Features Guide](docs/special_features.md)\n\n**Node**\n* [Getting Started](docs/getting_started_node.md) (basic mocha setup)\n* [Intermediate](docs/intermediate_node.md) (mocha testrunner, travis-ci reporter)\n* [Intermediate 2](docs/intermediate_node_2.md) (mocha, htmlcov, package.json setup)\n\n**Configuration**\n* [Options](docs/options.md) (Browser and Node)\n\n\n## Philosophy\n\nBlanket.js is a code coverage tool for javascript that aims to be:\n\n1. Easy to install\n2. Easy to use\n3. Easy to understand\n\nBlanket.js can be run seamlessly or can be customized for your needs.\n\n\n## Mechanism\n\nJavaScript code coverage compliments your existing JavaScript tests by adding code coverage statistics (which lines of your source code are covered by your tests).\n\nBlanket works in a 3 step process:\n\n1. Loading your source files\n2. Parsing the code using [Esprima](http://esprima.org) and [node-falafel](https://github.com/substack/node-falafel), and instrumenting the file by adding code tracking lines.\n3. Connecting to hooks in the test runner to output the coverage details after the tests have completed.\n\n## Grunt Integration\n\nYou\'ve got a few options for using Grunt with Blanket:\n\n**grunt-blanket**\n\nA Grunt plugin has been created to allow you to use Blanket like a "traditional" code coverage tool (creating instrumented copies of physical files, as opposed to live-instrumenting).\nThe plugin runs as a standlone project and can be found [here](https://github.com/alex-seville/grunt-blanket).\n\n**grunt-blanket-qunit**\n\nRuns the QUnit-based Blanket report headlessly using PhantomJS.  Results are displayed on the console, and the task will cause Grunt to fail if any of your configured coverage thresholds are not met. Minimum code coverage thresholds can be configured per-file, per-module, and globally.\n\nSee:\n\n* [Plugin Repo](https://github.com/ModelN/grunt-blanket-qunit)\n* [Blog Walkthrough](http://www.geekdave.com/2013/07/20/code-coverage-enforcement-for-qunit-using-grunt-and-blanket/)\n\n## Compatibility and Features List\n\nSee the [Compatiblity and Feature List](https://github.com/alex-seville/blanket/blob/master/docs/compatibility_and_features.md) including links to working examples.\n\n\n## Roll your own\n\n1. `git clone git@github.com:alex-seville/blanket.git`  \n2. `npm install`  \n3. Add your custom build details to the grunt.js file under `concat`\n3. `npm run build`\n\nA minified and unminfied copy of the source can be created (see the `min` task).  \n\n\n## Development\n\n**All development takes place on the `master` branch**  \n**Your pull request must pass all tests (run `npm test` to be sure) and respect all existing coverage thresholds**\n\n\n## Contact\n\nFeel free to add questions to the Issue tracker, or send them to [@blanket_js](http://www.twitter.com/blanket_js).\n\n\n## Contributors\n\nThanks to the [many people who have contributed](https://github.com/alex-seville/blanket/network/members) to the project.\n\nAnd thanks also to: [RequireJS](http://requirejs.org/), [Esprima](http://esprima.org/), [node-falafel](https://github.com/substack/node-falafel), [Mocha](http://visionmedia.github.com/mocha/), [Qunit](http://qunitjs.com/).\n\n## Roadmap\n\nv1.1.5 - Refactor reporter API.\n\n\n## Revision History\n\nMay 1-13 - 1.1.4  \nLoaded reverting for grunt-blanket, branch tracking reporter fixed, coverage on-the-go (displaying coverage results while a single page is being used).  \n\nApr 28-13 - 1.1.3\nYUI support added with custom adapter (and some wrapping code).  CompoundJS support appears to be outside the scope of project.\n\n... (see [full revision history](HISTORY.md))\n\n## License\nCopyright (c) 2012-2013 Alex Seville  \nLicensed under the MIT license.\n',
18 silly publish   readmeFilename: 'README.md',
18 silly publish   gitHead: 'ec57c5622645298849a8be69f636b2cafc86b179',
18 silly publish   _id: 'blanket@1.2.0',
18 silly publish   _shasum: '4b6160838d59f87a3a40cc850c64a714fd7a1bb1',
18 silly publish   _from: '.' }
19 verbose getPublishConfig undefined
20 silly mapToRegistry name blanket
21 silly mapToRegistry using default registry
22 silly mapToRegistry registry https://registry.npmjs.org/
23 silly mapToRegistry uri https://registry.npmjs.org/blanket
24 verbose publish registryBase https://registry.npmjs.org/
25 silly publish uploading /Users/rafaelyepesgarcia/.npm/blanket/1.2.0/package.tgz
26 verbose request uri https://registry.npmjs.org/blanket
27 verbose request sending authorization for write operation
28 info attempt registry request try #1 at 16:23:49
29 verbose request using bearer token for auth
30 verbose request id b6edbca818ccba0c
31 http request PUT https://registry.npmjs.org/blanket
32 http 403 https://registry.npmjs.org/blanket
33 verbose headers { 'content-type': 'application/json',
33 verbose headers   'cache-control': 'max-age=60',
33 verbose headers   'content-length': '99',
33 verbose headers   'accept-ranges': 'bytes',
33 verbose headers   date: 'Fri, 23 Oct 2015 15:23:50 GMT',
33 verbose headers   via: '1.1 varnish',
33 verbose headers   connection: 'keep-alive',
33 verbose headers   'x-served-by': 'cache-fra1241-FRA',
33 verbose headers   'x-cache': 'MISS',
33 verbose headers   'x-cache-hits': '0',
33 verbose headers   'x-timer': 'S1445613829.210840,VS0,VE1339' }
34 verbose request invalidating /Users/rafaelyepesgarcia/.npm/registry.npmjs.org/blanket on PUT
35 error publish Failed PUT 403
36 verbose stack Error: You do not have permission to publish 'blanket'. Are you logged in as the correct user? : blanket
36 verbose stack     at CachingRegistryClient.<anonymous> (/Users/rafaelyepesgarcia/.npm-packages/lib/node_modules/npm/node_modules/npm-registry-client/lib/request.js:247:14)
36 verbose stack     at Request._callback (/Users/rafaelyepesgarcia/.npm-packages/lib/node_modules/npm/node_modules/npm-registry-client/lib/request.js:170:14)
36 verbose stack     at Request.self.callback (/Users/rafaelyepesgarcia/.npm-packages/lib/node_modules/npm/node_modules/request/request.js:368:22)
36 verbose stack     at Request.emit (events.js:110:17)
36 verbose stack     at Request.<anonymous> (/Users/rafaelyepesgarcia/.npm-packages/lib/node_modules/npm/node_modules/request/request.js:1219:14)
36 verbose stack     at Request.emit (events.js:129:20)
36 verbose stack     at IncomingMessage.<anonymous> (/Users/rafaelyepesgarcia/.npm-packages/lib/node_modules/npm/node_modules/request/request.js:1167:12)
36 verbose stack     at IncomingMessage.emit (events.js:129:20)
36 verbose stack     at _stream_readable.js:908:16
36 verbose stack     at process._tickCallback (node.js:355:11)
37 verbose statusCode 403
38 verbose pkgid blanket
39 verbose cwd /Users/rafaelyepesgarcia/MyProjects/blanket-badoo
40 error Darwin 14.5.0
41 error argv "node" "/Users/rafaelyepesgarcia/.npm-packages/bin/npm" "publish" "./"
42 error node v0.12.2
43 error npm  v2.9.1
44 error code E403
45 error You do not have permission to publish 'blanket'. Are you logged in as the correct user? : blanket
46 error If you need help, you may report this error at:
46 error     <https://github.com/npm/npm/issues>
47 verbose exit [ 1, true ]
